<?xml version="1.0" encoding="UTF-8"?>
<!-- Generated by org.testng.reporters.JUnitXMLReporter -->
<testsuite hostname="Charlies-MacBook-Pro.local" ignored="0" name="SingleTest" tests="1" failures="1" timestamp="05 Jan 2017 23:01:02 GMT" time="14.103" errors="0">
  <testcase name="test" time="3.647" classname="com.browserstack.SingleTest">
    <failure type="java.lang.AssertionError" message="expected [BrowserStack - Google Search] but found [Google]">
      <![CDATA[java.lang.AssertionError: expected [BrowserStack - Google Search] but found [Google]
	at com.browserstack.SingleTest.test(SingleTest.java:21)
... Removed 34 stack frames]]>
    </failure>
  </testcase> <!-- test -->
</testsuite> <!-- SingleTest -->
