<?xml version="1.0" encoding="UTF-8"?>
<testng-results skipped="0" failed="0" ignored="0" total="1" passed="1">
  <reporter-output>
  </reporter-output>
  <suite name="Single" duration-ms="14160" started-at="2017-01-09T15:05:52Z" finished-at="2017-01-09T15:06:06Z">
    <groups>
    </groups>
    <test name="SingleTest" duration-ms="14160" started-at="2017-01-09T15:05:52Z" finished-at="2017-01-09T15:06:06Z">
      <class name="com.browserstack.SingleTest">
        <test-method status="PASS" signature="setUp(java.lang.String, java.lang.String)[pri:0, instance:com.browserstack.SingleTest@79b4d0f]" name="setUp" is-config="true" duration-ms="4799" started-at="2017-01-09T07:05:52Z" finished-at="2017-01-09T07:05:57Z">
          <params>
            <param index="0">
              <value>
                <![CDATA[single.conf.json]]>
              </value>
            </param>
            <param index="1">
              <value>
                <![CDATA[chrome]]>
              </value>
            </param>
          </params>
          <reporter-output>
          </reporter-output>
        </test-method> <!-- setUp -->
        <test-method status="PASS" signature="test()[pri:0, instance:com.browserstack.SingleTest@79b4d0f]" name="test" duration-ms="4902" started-at="2017-01-09T07:05:57Z" finished-at="2017-01-09T07:06:01Z">
          <reporter-output>
          </reporter-output>
        </test-method> <!-- test -->
        <test-method status="PASS" signature="tearDown()[pri:0, instance:com.browserstack.SingleTest@79b4d0f]" name="tearDown" is-config="true" duration-ms="4397" started-at="2017-01-09T07:06:01Z" finished-at="2017-01-09T07:06:06Z">
          <reporter-output>
          </reporter-output>
        </test-method> <!-- tearDown -->
      </class> <!-- com.browserstack.SingleTest -->
    </test> <!-- SingleTest -->
  </suite> <!-- Single -->
</testng-results>
