<?xml version="1.0" encoding="UTF-8"?>
<testng-results skipped="0" failed="0" ignored="0" total="16" passed="16">
  <reporter-output>
  </reporter-output>
  <suite name="Pool" duration-ms="65155" started-at="2017-01-05T23:04:14Z" finished-at="2017-01-05T23:05:19Z">
    <groups>
    </groups>
    <test name="1" duration-ms="43734" started-at="2017-01-05T23:04:14Z" finished-at="2017-01-05T23:04:57Z">
      <class name="com.browserstack.suite.SuiteTest01">
        <test-method status="PASS" signature="setUp(java.lang.String, java.lang.String)[pri:0, instance:com.browserstack.suite.SuiteTest01@6b2fad11]" name="setUp" is-config="true" duration-ms="4727" started-at="2017-01-05T15:04:14Z" finished-at="2017-01-05T15:04:18Z">
          <params>
            <param index="0">
              <value>
                <![CDATA[suite.conf.json]]>
              </value>
            </param>
            <param index="1">
              <value>
                <![CDATA[chrome]]>
              </value>
            </param>
          </params>
          <reporter-output>
          </reporter-output>
        </test-method> <!-- setUp -->
        <test-method status="PASS" signature="test()[pri:0, instance:com.browserstack.suite.SuiteTest01@6b2fad11]" name="test" duration-ms="11079" started-at="2017-01-05T15:04:18Z" finished-at="2017-01-05T15:04:29Z">
          <reporter-output>
          </reporter-output>
        </test-method> <!-- test -->
        <test-method status="PASS" signature="tearDown()[pri:0, instance:com.browserstack.suite.SuiteTest01@6b2fad11]" name="tearDown" is-config="true" duration-ms="27899" started-at="2017-01-05T15:04:29Z" finished-at="2017-01-05T15:04:57Z">
          <reporter-output>
          </reporter-output>
        </test-method> <!-- tearDown -->
      </class> <!-- com.browserstack.suite.SuiteTest01 -->
      <class name="com.browserstack.suite.SuiteTest02">
        <test-method status="PASS" signature="setUp(java.lang.String, java.lang.String)[pri:0, instance:com.browserstack.suite.SuiteTest02@79698539]" name="setUp" is-config="true" duration-ms="6986" started-at="2017-01-05T15:04:14Z" finished-at="2017-01-05T15:04:21Z">
          <params>
            <param index="0">
              <value>
                <![CDATA[suite.conf.json]]>
              </value>
            </param>
            <param index="1">
              <value>
                <![CDATA[chrome]]>
              </value>
            </param>
          </params>
          <reporter-output>
          </reporter-output>
        </test-method> <!-- setUp -->
        <test-method status="PASS" signature="test()[pri:0, instance:com.browserstack.suite.SuiteTest02@79698539]" name="test" duration-ms="6621" started-at="2017-01-05T15:04:21Z" finished-at="2017-01-05T15:04:27Z">
          <reporter-output>
          </reporter-output>
        </test-method> <!-- test -->
        <test-method status="PASS" signature="tearDown()[pri:0, instance:com.browserstack.suite.SuiteTest02@79698539]" name="tearDown" is-config="true" duration-ms="4091" started-at="2017-01-05T15:04:27Z" finished-at="2017-01-05T15:04:31Z">
          <reporter-output>
          </reporter-output>
        </test-method> <!-- tearDown -->
      </class> <!-- com.browserstack.suite.SuiteTest02 -->
      <class name="com.browserstack.suite.SuiteTest03">
        <test-method status="PASS" signature="setUp(java.lang.String, java.lang.String)[pri:0, instance:com.browserstack.suite.SuiteTest03@73f792cf]" name="setUp" is-config="true" duration-ms="5937" started-at="2017-01-05T15:04:14Z" finished-at="2017-01-05T15:04:20Z">
          <params>
            <param index="0">
              <value>
                <![CDATA[suite.conf.json]]>
              </value>
            </param>
            <param index="1">
              <value>
                <![CDATA[chrome]]>
              </value>
            </param>
          </params>
          <reporter-output>
          </reporter-output>
        </test-method> <!-- setUp -->
        <test-method status="PASS" signature="test()[pri:0, instance:com.browserstack.suite.SuiteTest03@73f792cf]" name="test" duration-ms="5517" started-at="2017-01-05T15:04:20Z" finished-at="2017-01-05T15:04:25Z">
          <reporter-output>
          </reporter-output>
        </test-method> <!-- test -->
        <test-method status="PASS" signature="tearDown()[pri:0, instance:com.browserstack.suite.SuiteTest03@73f792cf]" name="tearDown" is-config="true" duration-ms="3785" started-at="2017-01-05T15:04:25Z" finished-at="2017-01-05T15:04:29Z">
          <reporter-output>
          </reporter-output>
        </test-method> <!-- tearDown -->
      </class> <!-- com.browserstack.suite.SuiteTest03 -->
      <class name="com.browserstack.suite.SuiteTest04">
        <test-method status="PASS" signature="setUp(java.lang.String, java.lang.String)[pri:0, instance:com.browserstack.suite.SuiteTest04@2ed94a8b]" name="setUp" is-config="true" duration-ms="5688" started-at="2017-01-05T15:04:29Z" finished-at="2017-01-05T15:04:35Z">
          <params>
            <param index="0">
              <value>
                <![CDATA[suite.conf.json]]>
              </value>
            </param>
            <param index="1">
              <value>
                <![CDATA[chrome]]>
              </value>
            </param>
          </params>
          <reporter-output>
          </reporter-output>
        </test-method> <!-- setUp -->
        <test-method status="PASS" signature="test()[pri:0, instance:com.browserstack.suite.SuiteTest04@2ed94a8b]" name="test" duration-ms="6185" started-at="2017-01-05T15:04:35Z" finished-at="2017-01-05T15:04:41Z">
          <reporter-output>
          </reporter-output>
        </test-method> <!-- test -->
        <test-method status="PASS" signature="tearDown()[pri:0, instance:com.browserstack.suite.SuiteTest04@2ed94a8b]" name="tearDown" is-config="true" duration-ms="4344" started-at="2017-01-05T15:04:41Z" finished-at="2017-01-05T15:04:45Z">
          <reporter-output>
          </reporter-output>
        </test-method> <!-- tearDown -->
      </class> <!-- com.browserstack.suite.SuiteTest04 -->
    </test> <!-- 1 -->
    <test name="3" duration-ms="46184" started-at="2017-01-05T23:04:14Z" finished-at="2017-01-05T23:05:00Z">
      <class name="com.browserstack.suite.SuiteTest01">
        <test-method status="PASS" signature="setUp(java.lang.String, java.lang.String)[pri:0, instance:com.browserstack.suite.SuiteTest01@4157f54e]" name="setUp" is-config="true" duration-ms="11693" started-at="2017-01-05T15:04:14Z" finished-at="2017-01-05T15:04:25Z">
          <params>
            <param index="0">
              <value>
                <![CDATA[suite.conf.json]]>
              </value>
            </param>
            <param index="1">
              <value>
                <![CDATA[firefox]]>
              </value>
            </param>
          </params>
          <reporter-output>
          </reporter-output>
        </test-method> <!-- setUp -->
        <test-method status="PASS" signature="test()[pri:0, instance:com.browserstack.suite.SuiteTest01@4157f54e]" name="test" duration-ms="5319" started-at="2017-01-05T15:04:25Z" finished-at="2017-01-05T15:04:31Z">
          <reporter-output>
          </reporter-output>
        </test-method> <!-- test -->
        <test-method status="PASS" signature="tearDown()[pri:0, instance:com.browserstack.suite.SuiteTest01@4157f54e]" name="tearDown" is-config="true" duration-ms="4618" started-at="2017-01-05T15:04:31Z" finished-at="2017-01-05T15:04:35Z">
          <reporter-output>
          </reporter-output>
        </test-method> <!-- tearDown -->
      </class> <!-- com.browserstack.suite.SuiteTest01 -->
      <class name="com.browserstack.suite.SuiteTest02">
        <test-method status="PASS" signature="setUp(java.lang.String, java.lang.String)[pri:0, instance:com.browserstack.suite.SuiteTest02@90f6bfd]" name="setUp" is-config="true" duration-ms="7349" started-at="2017-01-05T15:04:14Z" finished-at="2017-01-05T15:04:21Z">
          <params>
            <param index="0">
              <value>
                <![CDATA[suite.conf.json]]>
              </value>
            </param>
            <param index="1">
              <value>
                <![CDATA[firefox]]>
              </value>
            </param>
          </params>
          <reporter-output>
          </reporter-output>
        </test-method> <!-- setUp -->
        <test-method status="PASS" signature="test()[pri:0, instance:com.browserstack.suite.SuiteTest02@90f6bfd]" name="test" duration-ms="12595" started-at="2017-01-05T15:04:21Z" finished-at="2017-01-05T15:04:34Z">
          <reporter-output>
          </reporter-output>
        </test-method> <!-- test -->
        <test-method status="PASS" signature="tearDown()[pri:0, instance:com.browserstack.suite.SuiteTest02@90f6bfd]" name="tearDown" is-config="true" duration-ms="26213" started-at="2017-01-05T15:04:34Z" finished-at="2017-01-05T15:05:00Z">
          <reporter-output>
          </reporter-output>
        </test-method> <!-- tearDown -->
      </class> <!-- com.browserstack.suite.SuiteTest02 -->
      <class name="com.browserstack.suite.SuiteTest03">
        <test-method status="PASS" signature="setUp(java.lang.String, java.lang.String)[pri:0, instance:com.browserstack.suite.SuiteTest03@47f6473]" name="setUp" is-config="true" duration-ms="10215" started-at="2017-01-05T15:04:14Z" finished-at="2017-01-05T15:04:24Z">
          <params>
            <param index="0">
              <value>
                <![CDATA[suite.conf.json]]>
              </value>
            </param>
            <param index="1">
              <value>
                <![CDATA[firefox]]>
              </value>
            </param>
          </params>
          <reporter-output>
          </reporter-output>
        </test-method> <!-- setUp -->
        <test-method status="PASS" signature="test()[pri:0, instance:com.browserstack.suite.SuiteTest03@47f6473]" name="test" duration-ms="10351" started-at="2017-01-05T15:04:24Z" finished-at="2017-01-05T15:04:34Z">
          <reporter-output>
          </reporter-output>
        </test-method> <!-- test -->
        <test-method status="PASS" signature="tearDown()[pri:0, instance:com.browserstack.suite.SuiteTest03@47f6473]" name="tearDown" is-config="true" duration-ms="4723" started-at="2017-01-05T15:04:34Z" finished-at="2017-01-05T15:04:39Z">
          <reporter-output>
          </reporter-output>
        </test-method> <!-- tearDown -->
      </class> <!-- com.browserstack.suite.SuiteTest03 -->
      <class name="com.browserstack.suite.SuiteTest04">
        <test-method status="PASS" signature="setUp(java.lang.String, java.lang.String)[pri:0, instance:com.browserstack.suite.SuiteTest04@15975490]" name="setUp" is-config="true" duration-ms="6457" started-at="2017-01-05T15:04:35Z" finished-at="2017-01-05T15:04:42Z">
          <params>
            <param index="0">
              <value>
                <![CDATA[suite.conf.json]]>
              </value>
            </param>
            <param index="1">
              <value>
                <![CDATA[firefox]]>
              </value>
            </param>
          </params>
          <reporter-output>
          </reporter-output>
        </test-method> <!-- setUp -->
        <test-method status="PASS" signature="test()[pri:0, instance:com.browserstack.suite.SuiteTest04@15975490]" name="test" duration-ms="6628" started-at="2017-01-05T15:04:42Z" finished-at="2017-01-05T15:04:48Z">
          <reporter-output>
          </reporter-output>
        </test-method> <!-- test -->
        <test-method status="PASS" signature="tearDown()[pri:0, instance:com.browserstack.suite.SuiteTest04@15975490]" name="tearDown" is-config="true" duration-ms="7702" started-at="2017-01-05T15:04:48Z" finished-at="2017-01-05T15:04:56Z">
          <reporter-output>
          </reporter-output>
        </test-method> <!-- tearDown -->
      </class> <!-- com.browserstack.suite.SuiteTest04 -->
    </test> <!-- 3 -->
    <test name="2" duration-ms="46004" started-at="2017-01-05T23:04:14Z" finished-at="2017-01-05T23:05:00Z">
      <class name="com.browserstack.suite.SuiteTest01">
        <test-method status="PASS" signature="setUp(java.lang.String, java.lang.String)[pri:0, instance:com.browserstack.suite.SuiteTest01@4cb2c100]" name="setUp" is-config="true" duration-ms="17532" started-at="2017-01-05T15:04:14Z" finished-at="2017-01-05T15:04:31Z">
          <params>
            <param index="0">
              <value>
                <![CDATA[suite.conf.json]]>
              </value>
            </param>
            <param index="1">
              <value>
                <![CDATA[firefox]]>
              </value>
            </param>
          </params>
          <reporter-output>
          </reporter-output>
        </test-method> <!-- setUp -->
        <test-method status="PASS" signature="test()[pri:0, instance:com.browserstack.suite.SuiteTest01@4cb2c100]" name="test" duration-ms="8740" started-at="2017-01-05T15:04:31Z" finished-at="2017-01-05T15:04:40Z">
          <reporter-output>
          </reporter-output>
        </test-method> <!-- test -->
        <test-method status="PASS" signature="tearDown()[pri:0, instance:com.browserstack.suite.SuiteTest01@4cb2c100]" name="tearDown" is-config="true" duration-ms="4368" started-at="2017-01-05T15:04:40Z" finished-at="2017-01-05T15:04:44Z">
          <reporter-output>
          </reporter-output>
        </test-method> <!-- tearDown -->
      </class> <!-- com.browserstack.suite.SuiteTest01 -->
      <class name="com.browserstack.suite.SuiteTest02">
        <test-method status="PASS" signature="setUp(java.lang.String, java.lang.String)[pri:0, instance:com.browserstack.suite.SuiteTest02@6fb554cc]" name="setUp" is-config="true" duration-ms="18733" started-at="2017-01-05T15:04:14Z" finished-at="2017-01-05T15:04:32Z">
          <params>
            <param index="0">
              <value>
                <![CDATA[suite.conf.json]]>
              </value>
            </param>
            <param index="1">
              <value>
                <![CDATA[firefox]]>
              </value>
            </param>
          </params>
          <reporter-output>
          </reporter-output>
        </test-method> <!-- setUp -->
        <test-method status="PASS" signature="test()[pri:0, instance:com.browserstack.suite.SuiteTest02@6fb554cc]" name="test" duration-ms="8727" started-at="2017-01-05T15:04:32Z" finished-at="2017-01-05T15:04:41Z">
          <reporter-output>
          </reporter-output>
        </test-method> <!-- test -->
        <test-method status="PASS" signature="tearDown()[pri:0, instance:com.browserstack.suite.SuiteTest02@6fb554cc]" name="tearDown" is-config="true" duration-ms="7122" started-at="2017-01-05T15:04:41Z" finished-at="2017-01-05T15:04:48Z">
          <reporter-output>
          </reporter-output>
        </test-method> <!-- tearDown -->
      </class> <!-- com.browserstack.suite.SuiteTest02 -->
      <class name="com.browserstack.suite.SuiteTest03">
        <test-method status="PASS" signature="setUp(java.lang.String, java.lang.String)[pri:0, instance:com.browserstack.suite.SuiteTest03@614c5515]" name="setUp" is-config="true" duration-ms="9855" started-at="2017-01-05T15:04:14Z" finished-at="2017-01-05T15:04:23Z">
          <params>
            <param index="0">
              <value>
                <![CDATA[suite.conf.json]]>
              </value>
            </param>
            <param index="1">
              <value>
                <![CDATA[firefox]]>
              </value>
            </param>
          </params>
          <reporter-output>
          </reporter-output>
        </test-method> <!-- setUp -->
        <test-method status="PASS" signature="test()[pri:0, instance:com.browserstack.suite.SuiteTest03@614c5515]" name="test" duration-ms="5726" started-at="2017-01-05T15:04:23Z" finished-at="2017-01-05T15:04:29Z">
          <reporter-output>
          </reporter-output>
        </test-method> <!-- test -->
        <test-method status="PASS" signature="tearDown()[pri:0, instance:com.browserstack.suite.SuiteTest03@614c5515]" name="tearDown" is-config="true" duration-ms="6327" started-at="2017-01-05T15:04:29Z" finished-at="2017-01-05T15:04:36Z">
          <reporter-output>
          </reporter-output>
        </test-method> <!-- tearDown -->
      </class> <!-- com.browserstack.suite.SuiteTest03 -->
      <class name="com.browserstack.suite.SuiteTest04">
        <test-method status="PASS" signature="setUp(java.lang.String, java.lang.String)[pri:0, instance:com.browserstack.suite.SuiteTest04@77b52d12]" name="setUp" is-config="true" duration-ms="10194" started-at="2017-01-05T15:04:36Z" finished-at="2017-01-05T15:04:46Z">
          <params>
            <param index="0">
              <value>
                <![CDATA[suite.conf.json]]>
              </value>
            </param>
            <param index="1">
              <value>
                <![CDATA[firefox]]>
              </value>
            </param>
          </params>
          <reporter-output>
          </reporter-output>
        </test-method> <!-- setUp -->
        <test-method status="PASS" signature="test()[pri:0, instance:com.browserstack.suite.SuiteTest04@77b52d12]" name="test" duration-ms="5509" started-at="2017-01-05T15:04:46Z" finished-at="2017-01-05T15:04:51Z">
          <reporter-output>
          </reporter-output>
        </test-method> <!-- test -->
        <test-method status="PASS" signature="tearDown()[pri:0, instance:com.browserstack.suite.SuiteTest04@77b52d12]" name="tearDown" is-config="true" duration-ms="8362" started-at="2017-01-05T15:04:51Z" finished-at="2017-01-05T15:05:00Z">
          <reporter-output>
          </reporter-output>
        </test-method> <!-- tearDown -->
      </class> <!-- com.browserstack.suite.SuiteTest04 -->
    </test> <!-- 2 -->
    <test name="4" duration-ms="65155" started-at="2017-01-05T23:04:14Z" finished-at="2017-01-05T23:05:19Z">
      <class name="com.browserstack.suite.SuiteTest01">
        <test-method status="PASS" signature="setUp(java.lang.String, java.lang.String)[pri:0, instance:com.browserstack.suite.SuiteTest01@2d3fcdbd]" name="setUp" is-config="true" duration-ms="11576" started-at="2017-01-05T15:04:14Z" finished-at="2017-01-05T15:04:25Z">
          <params>
            <param index="0">
              <value>
                <![CDATA[suite.conf.json]]>
              </value>
            </param>
            <param index="1">
              <value>
                <![CDATA[firefox]]>
              </value>
            </param>
          </params>
          <reporter-output>
          </reporter-output>
        </test-method> <!-- setUp -->
        <test-method status="PASS" signature="test()[pri:0, instance:com.browserstack.suite.SuiteTest01@2d3fcdbd]" name="test" duration-ms="11095" started-at="2017-01-05T15:04:25Z" finished-at="2017-01-05T15:04:36Z">
          <reporter-output>
          </reporter-output>
        </test-method> <!-- test -->
        <test-method status="PASS" signature="tearDown()[pri:0, instance:com.browserstack.suite.SuiteTest01@2d3fcdbd]" name="tearDown" is-config="true" duration-ms="4260" started-at="2017-01-05T15:04:36Z" finished-at="2017-01-05T15:04:41Z">
          <reporter-output>
          </reporter-output>
        </test-method> <!-- tearDown -->
      </class> <!-- com.browserstack.suite.SuiteTest01 -->
      <class name="com.browserstack.suite.SuiteTest02">
        <test-method status="PASS" signature="setUp(java.lang.String, java.lang.String)[pri:0, instance:com.browserstack.suite.SuiteTest02@617c74e5]" name="setUp" is-config="true" duration-ms="11342" started-at="2017-01-05T15:04:14Z" finished-at="2017-01-05T15:04:25Z">
          <params>
            <param index="0">
              <value>
                <![CDATA[suite.conf.json]]>
              </value>
            </param>
            <param index="1">
              <value>
                <![CDATA[firefox]]>
              </value>
            </param>
          </params>
          <reporter-output>
          </reporter-output>
        </test-method> <!-- setUp -->
        <test-method status="PASS" signature="test()[pri:0, instance:com.browserstack.suite.SuiteTest02@617c74e5]" name="test" duration-ms="12000" started-at="2017-01-05T15:04:25Z" finished-at="2017-01-05T15:04:37Z">
          <reporter-output>
          </reporter-output>
        </test-method> <!-- test -->
        <test-method status="PASS" signature="tearDown()[pri:0, instance:com.browserstack.suite.SuiteTest02@617c74e5]" name="tearDown" is-config="true" duration-ms="4686" started-at="2017-01-05T15:04:37Z" finished-at="2017-01-05T15:04:42Z">
          <reporter-output>
          </reporter-output>
        </test-method> <!-- tearDown -->
      </class> <!-- com.browserstack.suite.SuiteTest02 -->
      <class name="com.browserstack.suite.SuiteTest03">
        <test-method status="PASS" signature="setUp(java.lang.String, java.lang.String)[pri:0, instance:com.browserstack.suite.SuiteTest03@6537cf78]" name="setUp" is-config="true" duration-ms="9126" started-at="2017-01-05T15:04:14Z" finished-at="2017-01-05T15:04:23Z">
          <params>
            <param index="0">
              <value>
                <![CDATA[suite.conf.json]]>
              </value>
            </param>
            <param index="1">
              <value>
                <![CDATA[firefox]]>
              </value>
            </param>
          </params>
          <reporter-output>
          </reporter-output>
        </test-method> <!-- setUp -->
        <test-method status="PASS" signature="test()[pri:0, instance:com.browserstack.suite.SuiteTest03@6537cf78]" name="test" duration-ms="11345" started-at="2017-01-05T15:04:23Z" finished-at="2017-01-05T15:04:34Z">
          <reporter-output>
          </reporter-output>
        </test-method> <!-- test -->
        <test-method status="PASS" signature="tearDown()[pri:0, instance:com.browserstack.suite.SuiteTest03@6537cf78]" name="tearDown" is-config="true" duration-ms="4430" started-at="2017-01-05T15:04:34Z" finished-at="2017-01-05T15:04:39Z">
          <reporter-output>
          </reporter-output>
        </test-method> <!-- tearDown -->
      </class> <!-- com.browserstack.suite.SuiteTest03 -->
      <class name="com.browserstack.suite.SuiteTest04">
        <test-method status="PASS" signature="setUp(java.lang.String, java.lang.String)[pri:0, instance:com.browserstack.suite.SuiteTest04@67b6d4ae]" name="setUp" is-config="true" duration-ms="22895" started-at="2017-01-05T15:04:39Z" finished-at="2017-01-05T15:05:01Z">
          <params>
            <param index="0">
              <value>
                <![CDATA[suite.conf.json]]>
              </value>
            </param>
            <param index="1">
              <value>
                <![CDATA[firefox]]>
              </value>
            </param>
          </params>
          <reporter-output>
          </reporter-output>
        </test-method> <!-- setUp -->
        <test-method status="PASS" signature="test()[pri:0, instance:com.browserstack.suite.SuiteTest04@67b6d4ae]" name="test" duration-ms="8522" started-at="2017-01-05T15:05:01Z" finished-at="2017-01-05T15:05:10Z">
          <reporter-output>
          </reporter-output>
        </test-method> <!-- test -->
        <test-method status="PASS" signature="tearDown()[pri:0, instance:com.browserstack.suite.SuiteTest04@67b6d4ae]" name="tearDown" is-config="true" duration-ms="8810" started-at="2017-01-05T15:05:10Z" finished-at="2017-01-05T15:05:19Z">
          <reporter-output>
          </reporter-output>
        </test-method> <!-- tearDown -->
      </class> <!-- com.browserstack.suite.SuiteTest04 -->
    </test> <!-- 4 -->
  </suite> <!-- Pool -->
</testng-results>
