<?xml version="1.0" encoding="UTF-8"?>
<!-- Generated by org.testng.reporters.JUnitXMLReporter -->
<testsuite hostname="Charlies-MacBook-Pro.local" ignored="0" name="2" tests="4" failures="0" timestamp="05 Jan 2017 23:05:12 GMT" time="46.004" errors="0">
  <testcase name="test" time="5.726" classname="com.browserstack.suite.SuiteTest03"/>
  <testcase name="test" time="8.74" classname="com.browserstack.suite.SuiteTest01"/>
  <testcase name="test" time="8.727" classname="com.browserstack.suite.SuiteTest02"/>
  <testcase name="test" time="5.509" classname="com.browserstack.suite.SuiteTest04"/>
</testsuite> <!-- 2 -->
