<?xml version="1.0" encoding="UTF-8"?>
<!-- Generated by org.testng.reporters.JUnitXMLReporter -->
<testsuite hostname="Charlies-MacBook-Pro.local" ignored="0" name="3" tests="4" failures="0" timestamp="05 Jan 2017 23:05:07 GMT" time="46.184" errors="0">
  <testcase name="test" time="5.319" classname="com.browserstack.suite.SuiteTest01"/>
  <testcase name="test" time="12.595" classname="com.browserstack.suite.SuiteTest02"/>
  <testcase name="test" time="10.351" classname="com.browserstack.suite.SuiteTest03"/>
  <testcase name="test" time="6.628" classname="com.browserstack.suite.SuiteTest04"/>
</testsuite> <!-- 3 -->
