<?xml version="1.0" encoding="UTF-8"?>
<!-- Generated by org.testng.reporters.JUnitXMLReporter -->
<testsuite hostname="Charlies-MacBook-Pro.local" ignored="0" name="5" tests="4" failures="2" timestamp="05 Jan 2017 22:55:55 GMT" time="41.728" errors="0">
  <testcase name="test" time="4.213" classname="com.browserstack.suite.SuiteTest03">
    <failure type="java.lang.AssertionError" message="expected [BrowserStack Security - Google Search] but found [Google]">
      <![CDATA[java.lang.AssertionError: expected [BrowserStack Security - Google Search] but found [Google]
	at com.browserstack.suite.SuiteTest03.test(SuiteTest03.java:22)
	at java.util.concurrent.ThreadPoolExecutor.runWorker(ThreadPoolExecutor.java:1142)
	at java.util.concurrent.ThreadPoolExecutor$Worker.run(ThreadPoolExecutor.java:617)
	at java.lang.Thread.run(Thread.java:745)
... Removed 16 stack frames]]>
    </failure>
  </testcase> <!-- test -->
  <testcase name="test" time="9.31" classname="com.browserstack.suite.SuiteTest02"/>
  <testcase name="test" time="4.054" classname="com.browserstack.suite.SuiteTest04">
    <failure type="java.lang.AssertionError" message="expected [BrowserStack Local - Google Search] but found [Google]">
      <![CDATA[java.lang.AssertionError: expected [BrowserStack Local - Google Search] but found [Google]
	at com.browserstack.suite.SuiteTest04.test(SuiteTest04.java:22)
	at java.util.concurrent.ThreadPoolExecutor.runWorker(ThreadPoolExecutor.java:1142)
	at java.util.concurrent.ThreadPoolExecutor$Worker.run(ThreadPoolExecutor.java:617)
	at java.lang.Thread.run(Thread.java:745)
... Removed 16 stack frames]]>
    </failure>
  </testcase> <!-- test -->
  <testcase name="test" time="8.77" classname="com.browserstack.suite.SuiteTest01"/>
</testsuite> <!-- 5 -->
