<?xml version="1.0" encoding="UTF-8"?>
<!-- Generated by org.testng.reporters.JUnitXMLReporter -->
<testsuite hostname="Charlies-MacBook-Pro.local" ignored="0" name="7" tests="4" failures="2" timestamp="05 Jan 2017 22:56:00 GMT" time="19.274" errors="0">
  <testcase name="test" time="4.081" classname="com.browserstack.suite.SuiteTest01">
    <failure type="java.lang.AssertionError" message="expected [BrowserStack - Google Search] but found [Google]">
      <![CDATA[java.lang.AssertionError: expected [BrowserStack - Google Search] but found [Google]
	at com.browserstack.suite.SuiteTest01.test(SuiteTest01.java:22)
	at java.util.concurrent.ThreadPoolExecutor.runWorker(ThreadPoolExecutor.java:1142)
	at java.util.concurrent.ThreadPoolExecutor$Worker.run(ThreadPoolExecutor.java:617)
	at java.lang.Thread.run(Thread.java:745)
... Removed 16 stack frames]]>
    </failure>
  </testcase> <!-- test -->
  <testcase name="test" time="6.875" classname="com.browserstack.suite.SuiteTest03">
    <failure type="java.lang.AssertionError" message="expected [BrowserStack Security - Google Search] but found [Google]">
      <![CDATA[java.lang.AssertionError: expected [BrowserStack Security - Google Search] but found [Google]
	at com.browserstack.suite.SuiteTest03.test(SuiteTest03.java:22)
	at java.util.concurrent.ThreadPoolExecutor.runWorker(ThreadPoolExecutor.java:1142)
	at java.util.concurrent.ThreadPoolExecutor$Worker.run(ThreadPoolExecutor.java:617)
	at java.lang.Thread.run(Thread.java:745)
... Removed 16 stack frames]]>
    </failure>
  </testcase> <!-- test -->
  <testcase name="test" time="6.546" classname="com.browserstack.suite.SuiteTest04"/>
  <testcase name="test" time="8.556" classname="com.browserstack.suite.SuiteTest02"/>
</testsuite> <!-- 7 -->
