<?xml version="1.0" encoding="UTF-8"?>
<!-- Generated by org.testng.reporters.JUnitXMLReporter -->
<testsuite hostname="Charlies-MacBook-Pro.local" ignored="0" name="8" tests="4" failures="0" timestamp="05 Jan 2017 22:56:19 GMT" time="29.18" errors="0">
  <testcase name="test" time="5.115" classname="com.browserstack.suite.SuiteTest02"/>
  <testcase name="test" time="8.974" classname="com.browserstack.suite.SuiteTest04"/>
  <testcase name="test" time="6.222" classname="com.browserstack.suite.SuiteTest03"/>
  <testcase name="test" time="6.758" classname="com.browserstack.suite.SuiteTest01"/>
</testsuite> <!-- 8 -->
