<?xml version="1.0" encoding="UTF-8"?>
<!-- Generated by org.testng.reporters.JUnitXMLReporter -->
<testsuite hostname="Charlies-MacBook-Pro.local" name="PoolTestChrome" tests="10" failures="0" timestamp="14 Dec 2016 10:04:44 GMT" time="113.093" errors="0">
  <testcase name="test_01" time="9.399" classname="com.browserstack.suite.SuiteTest01"/>
  <testcase name="test_02" time="15.877" classname="com.browserstack.suite.SuiteTest02"/>
  <testcase name="test_03" time="20.434" classname="com.browserstack.suite.SuiteTest03"/>
  <testcase name="test_04" time="11.461" classname="com.browserstack.suite.SuiteTest04"/>
  <testcase name="test_05" time="20.208" classname="com.browserstack.suite.SuiteTest05"/>
  <testcase name="test_07" time="9.163" classname="com.browserstack.suite.SuiteTest07"/>
  <testcase name="test_06" time="25.774" classname="com.browserstack.suite.SuiteTest06"/>
  <testcase name="test_08" time="11.268" classname="com.browserstack.suite.SuiteTest08"/>
  <testcase name="test_09" time="14.524" classname="com.browserstack.suite.SuiteTest09"/>
  <testcase name="test_10" time="16.486" classname="com.browserstack.suite.SuiteTest10"/>
</testsuite> <!-- PoolTestChrome -->
