<?xml version="1.0" encoding="UTF-8"?>
<!-- Generated by org.testng.reporters.JUnitXMLReporter -->
<testsuite hostname="Charlies-MacBook-Pro.local" name="PoolTestFirefox" tests="10" failures="0" timestamp="14 Dec 2016 10:05:03 GMT" time="132.146" errors="0">
  <testcase name="test_01" time="10.017" classname="com.browserstack.suite.SuiteTest01"/>
  <testcase name="test_02" time="15.178" classname="com.browserstack.suite.SuiteTest02"/>
  <testcase name="test_03" time="20.276" classname="com.browserstack.suite.SuiteTest03"/>
  <testcase name="test_04" time="13.207" classname="com.browserstack.suite.SuiteTest04"/>
  <testcase name="test_05" time="19.12" classname="com.browserstack.suite.SuiteTest05"/>
  <testcase name="test_07" time="10.789" classname="com.browserstack.suite.SuiteTest07"/>
  <testcase name="test_06" time="26.165" classname="com.browserstack.suite.SuiteTest06"/>
  <testcase name="test_08" time="10.733" classname="com.browserstack.suite.SuiteTest08"/>
  <testcase name="test_09" time="13.413" classname="com.browserstack.suite.SuiteTest09"/>
  <testcase name="test_10" time="14.952" classname="com.browserstack.suite.SuiteTest10"/>
</testsuite> <!-- PoolTestFirefox -->
